2026-03-20 19:20:43,045 - INFO - Iniciando el proceso de scraping.
2026-03-20 19:20:44,350 - INFO - Elemento encontrado
2026-03-20 19:20:45,693 - INFO - Encontradas 92 categorías en la sección Tecnología
2026-03-20 19:20:47,293 - ERROR - Error al encontrar el elemento: Message: no such element: Unable to locate element: {"method":"xpath","selector":"(//*[@id="__next"]/div/div[1]/header/div/div/div/div[2]/button)[1]"}
  (Session info: chrome=146.0.7680.153); For documentation on this error, please visit: https://www.selenium.dev/documentation/webdriver/troubleshooting/errors#nosuchelementexception
Stacktrace:
	chromedriver!GetHandleVerifier [0x7ff728853045+14585]
	chromedriver!GetHandleVerifier [0x7ff7288530b0+145f0]
	chromedriver!(No symbol) [0x7ff7285bdb7d]
	chromedriver!(No symbol) [0x7ff7286173ae]
	chromedriver!(No symbol) [0x7ff7286176bc]
	chromedriver!(No symbol) [0x7ff728667a57]
	chromedriver!(No symbol) [0x7ff7286645af]
	chromedriver!(No symbol) [0x7ff728609a18]
	chromedriver!(No symbol) [0x7ff72860a8f3]
	chromedriver!GetHandleVerifier [0x7ff728b5ac5d+31c19d]
	chromedriver!GetHandleVerifier [0x7ff728b5536d+3168ad]
	chromedriver!GetHandleVerifier [0x7ff728b77d8a+3392ca]
	chromedriver!GetHandleVerifier [0x7ff72886f445+30985]
	chromedriver!GetHandleVerifier [0x7ff7288784dc+39a1c]
	chromedriver!GetHandleVerifier [0x7ff72885c634+1db74]
	chromedriver!GetHandleVerifier [0x7ff72885c7e6+1dd26]
	chromedriver!GetHandleVerifier [0x7ff728841387+28c7]
	KERNEL32!BaseThreadInitThunk [0x7ff88f3fe8d7+17]
	ntdll!RtlUserThreadStart [0x7ff8903ec48c+2c]

2026-03-20 19:20:47,294 - INFO - Scraping completado exitosamente.
2026-03-20 19:20:51,394 - INFO - Driver cerrado.
